{
  "RSpec": {
    "coverage": {
      "/home/prime/Documents/github/finance-tracker/app/models/user.rb": [
        1,
        2,
        2,
        null,
        null,
        1,
        null,
        1,
        1,
        1,
        1,
        1,
        1,
        null,
        1,
        null,
        1,
        6,
        0,
        null,
        null,
        null,
        1,
        0,
        0,
        0,
        null,
        null,
        1,
        0,
        null,
        null,
        1,
        0,
        null,
        null,
        1,
        0,
        null,
        null,
        1,
        0,
        null,
        null,
        1,
        0,
        0,
        0,
        0,
        0,
        null,
        null,
        1,
        0,
        null,
        null,
        1,
        0,
        null,
        null,
        1,
        0,
        null,
        null,
        1,
        0,
        null,
        null,
        null
      ],
      "/home/prime/Documents/github/finance-tracker/app/models/application_record.rb": [
        1,
        1,
        null
      ],
      "/home/prime/Documents/github/finance-tracker/app/helpers/application_helper.rb": [
        1,
        null
      ],
      "/home/prime/Documents/github/finance-tracker/app/helpers/home_helper.rb": [
        1,
        null
      ],
      "/home/prime/Documents/github/finance-tracker/app/helpers/user_stocks_helper.rb": [
        1,
        null
      ],
      "/home/prime/Documents/github/finance-tracker/app/controllers/users_controller.rb": [
        1,
        1,
        0,
        0,
        null,
        null,
        1,
        0,
        null,
        null,
        1,
        1,
        1,
        null,
        null,
        1,
        0,
        0,
        null,
        0,
        0,
        0,
        null,
        0,
        0,
        null,
        null,
        null,
        1,
        0,
        0,
        0,
        0,
        null,
        0,
        null,
        0,
        null,
        null,
        null
      ],
      "/home/prime/Documents/github/finance-tracker/app/controllers/application_controller.rb": [
        1,
        1,
        1,
        1,
        null,
        1,
        0,
        null,
        null,
        1,
        14,
        14,
        null,
        null,
        null
      ],
      "/home/prime/Documents/github/finance-tracker/app/models/chatroom.rb": [
        1,
        1,
        1,
        1,
        null
      ],
      "/home/prime/Documents/github/finance-tracker/app/models/message.rb": [
        1,
        1,
        1,
        null
      ],
      "/home/prime/Documents/github/finance-tracker/app/models/user_stock.rb": [
        1,
        1,
        1,
        null
      ],
      "/home/prime/Documents/github/finance-tracker/app/models/stock.rb": [
        1,
        1,
        1,
        null,
        1,
        0,
        null,
        null,
        1,
        0,
        0,
        null,
        null,
        1,
        0,
        null,
        null,
        null
      ],
      "/home/prime/Documents/github/finance-tracker/app/controllers/user/registrations_controller.rb": [
        1,
        1,
        null,
        1,
        null,
        1,
        8,
        8,
        null,
        null,
        null
      ],
      "/home/prime/Documents/github/finance-tracker/app/controllers/home_controller.rb": [
        1,
        1,
        null,
        1,
        null,
        null
      ],
      "/home/prime/Documents/github/finance-tracker/app/mailers/application_mailer.rb": [
        0,
        0,
        0,
        0
      ],
      "/home/prime/Documents/github/finance-tracker/app/jobs/application_job.rb": [
        0,
        0
      ],
      "/home/prime/Documents/github/finance-tracker/app/models/friendship.rb": [
        0,
        0,
        0,
        0
      ],
      "/home/prime/Documents/github/finance-tracker/app/models/product.rb": [
        0,
        0,
        0,
        0
      ],
      "/home/prime/Documents/github/finance-tracker/app/models/test.rb": [
        0,
        0,
        0
      ],
      "/home/prime/Documents/github/finance-tracker/app/channels/application_cable/channel.rb": [
        0,
        0,
        0,
        0
      ],
      "/home/prime/Documents/github/finance-tracker/app/channels/application_cable/connection.rb": [
        0,
        0,
        0,
        0
      ],
      "/home/prime/Documents/github/finance-tracker/app/channels/messages_channel.rb": [
        0,
        0,
        0,
        0,
        0
      ],
      "/home/prime/Documents/github/finance-tracker/app/controllers/chatrooms_controller.rb": [
        0,
        0,
        0,
        0,
        null,
        0,
        0,
        0,
        null,
        0,
        0,
        0,
        null,
        0,
        0,
        0,
        0,
        null,
        0,
        0,
        0,
        null,
        0,
        0,
        0,
        0,
        0,
        0,
        0,
        0,
        0,
        null,
        0,
        0,
        0,
        null,
        0,
        0,
        0,
        0,
        0,
        0,
        0
      ],
      "/home/prime/Documents/github/finance-tracker/app/controllers/user_stocks_controller.rb": [
        0,
        0,
        0,
        0,
        0,
        0,
        0,
        0,
        0,
        0,
        0,
        null,
        0,
        0,
        0,
        0,
        0,
        0,
        0,
        0
      ],
      "/home/prime/Documents/github/finance-tracker/app/controllers/stocks_controller.rb": [
        0,
        null,
        0,
        0,
        0,
        0,
        0,
        0,
        0,
        0,
        0,
        0,
        0,
        0
      ],
      "/home/prime/Documents/github/finance-tracker/app/controllers/messages_controller.rb": [
        0,
        null,
        0,
        0,
        0,
        0,
        0,
        0,
        0,
        0,
        0,
        0,
        null,
        0,
        null,
        0,
        0,
        0,
        0
      ],
      "/home/prime/Documents/github/finance-tracker/app/controllers/friendships_controller.rb": [
        0,
        0,
        0,
        0,
        0,
        0,
        0,
        0
      ]
    },
    "timestamp": 1545210100
  }
}
